2 - 0
0 - (1, 0)
42 - 0
2 - 0
0 - (0, 0)
42 - 0
2 - 0
0 - (1, 0)
42 - 0
2 - 0
0 - (3, 0)
42 - 0
12 - 0
37 - 0
0 - (7, 0)
38 - 0
42 - 0
12 - 0
37 - 0
0 - (0, 0)
38 - 0
42 - 0
12 - 0
37 - 0
0 - (1, 0)
38 - 0
42 - 0
0 - (3, 0)
20 - 0
0 - (7, 0)
42 - 0
6 - 0
37 - 0
0 - (0, 0)
28 - 0
0 - (3, 0)
38 - 0
11 - 0
39 - 0
0 - (3, 0)
20 - 0
0 - (0, 0)
40 - 0
6 - 0
37 - 0
0 - (1, 0)
28 - 0
0 - (3, 0)
38 - 0
11 - 0
39 - 0
0 - (3, 0)
20 - 0
0 - (1, 0)
40 - 0
13 - 0
37 - 0
0 - (3, 0)
38 - 0
42 - 0
