[2023-05-05 15:04:04] [info] Start Program:
Path:"C:\Users\drago\OneDrive\Desktop\Sem 2\Oop\A6\x64\Debug\A6.exe"
Arguments:
Working directory: "C:\Users\drago\OneDrive\Desktop\Sem 2\Oop\A6\A6\"
Modules: Selected: C:\Users\drago\OneDrive\Desktop\Sem 2\Oop\A6\x64\Debug\A6.exe Excluded: 
Sources: Selected: C:\Users\drago\OneDrive\Desktop\Sem 2\Oop\A6\A6 Excluded: 
Log Level: Normal
Cover Children: 0
Aggregate by file: 1
Continue after C++ exception: 0
Optimized build support: 0
Export: Binary C:\Users\drago\AppData\Local\Temp\byxifn4c.nv4 
Input coverage: 
Unified diff: 
Excluded line regular expressions: 
Substitute pdb source paths: 

[2023-05-05 15:04:04] [info] Module: C:\Users\drago\OneDrive\Desktop\Sem 2\Oop\A6\x64\Debug\A6.exe is selected because it matches selected pattern: C:\Users\drago\OneDrive\Desktop\Sem 2\Oop\A6\x64\Debug\A6.exe
[2023-05-05 15:04:04] [info] ----------------------------------------------------
[2023-05-05 15:04:04] [info] Coverage binary generated in file: C:\Users\drago\AppData\Local\Temp\byxifn4c.nv4
[2023-05-05 15:04:04] [info] ----------------------------------------------------
